24.893806 tensor(23) tensor(200)
25.37633 tensor(41) tensor(200)
25.807198 tensor(49) tensor(200)
25.010159 tensor(52) tensor(200)
25.071545 tensor(4) tensor(200)
25.381163 tensor(54) tensor(200)
25.150217 tensor(17) tensor(200)
24.93879 tensor(8) tensor(200)
25.31475 tensor(24) tensor(200)
24.547022 tensor(63) tensor(200)
25.06233 tensor(61) tensor(200)
24.98605 tensor(25) tensor(200)
25.629562 tensor(56) tensor(200)
24.657335 tensor(12) tensor(200)
25.252192 tensor(67) tensor(200)
25.31504 tensor(26) tensor(200)
24.68169 tensor(38) tensor(200)
22.193275 tensor(19) tensor(116)
21.88257 tensor(25) tensor(116)
21.749052 tensor(66) tensor(116)
21.914251 tensor(4) tensor(116)
21.75463 tensor(27) tensor(116)
22.444801 tensor(56) tensor(116)
21.220997 tensor(2) tensor(116)
21.756819 tensor(6) tensor(116)
21.828857 tensor(33) tensor(116)
21.311657 tensor(1) tensor(116)
21.58999 tensor(18) tensor(116)
21.644865 tensor(47) tensor(116)
22.341412 tensor(36) tensor(116)
21.675812 tensor(30) tensor(116)
21.59959 tensor(39) tensor(116)
22.0837 tensor(13) tensor(116)
22.026587 tensor(59) tensor(116)
20.176067 tensor(60) tensor(312)
20.1965 tensor(51) tensor(312)
20.30795 tensor(38) tensor(312)
21.194395 tensor(31) tensor(312)
20.449867 tensor(27) tensor(312)
20.287895 tensor(29) tensor(312)
20.097977 tensor(8) tensor(312)
20.017973 tensor(45) tensor(312)
20.306347 tensor(52) tensor(312)
20.326174 tensor(23) tensor(312)
20.24069 tensor(55) tensor(312)
20.261131 tensor(6) tensor(312)
20.36962 tensor(33) tensor(312)
20.455118 tensor(61) tensor(312)
20.413334 tensor(47) tensor(312)
20.505657 tensor(46) tensor(312)
20.468424 tensor(3) tensor(312)
20.220667 tensor(9) tensor(312)
20.734926 tensor(43) tensor(312)
25.8072 tensor(49) tensor(205)
25.455093 tensor(62) tensor(205)
24.60736 tensor(6) tensor(205)
24.681906 tensor(30) tensor(205)
25.273985 tensor(57) tensor(205)
24.938787 tensor(8) tensor(205)
24.816721 tensor(29) tensor(205)
24.657335 tensor(12) tensor(205)
20.500341 tensor(37) tensor(309)
20.196503 tensor(51) tensor(309)
20.835398 tensor(34) tensor(309)
20.261131 tensor(6) tensor(309)
20.942635 tensor(19) tensor(309)
20.095085 tensor(2) tensor(309)
21.206297 tensor(49) tensor(309)
20.158487 tensor(18) tensor(309)
21.01812 tensor(36) tensor(309)
20.813381 tensor(40) tensor(309)
20.45512 tensor(61) tensor(309)
21.752346 tensor(35) tensor(113)
20.53872 tensor(11) tensor(311)
20.095085 tensor(2) tensor(308)
24.784225 tensor(51) tensor(204)
25.370731 tensor(43) tensor(203)
20.734926 tensor(43) tensor(313)
20.261131 tensor(6) tensor(310)
24.877216 tensor(15) tensor(203)
20.669903 tensor(67) tensor(316)
24.547024 tensor(63) tensor(206)
22.18371 tensor(53) tensor(122)
20.486982 tensor(66) tensor(308)
25.327742 tensor(20) tensor(206)
20.36962 tensor(33) tensor(314)
21.88257 tensor(25) tensor(123)
24.11749 tensor(32) tensor(203)
25.31504 tensor(26) tensor(201)
19.848145 tensor(1) tensor(308)
20.176067 tensor(60) tensor(310)
22.037539 tensor(24) tensor(115)
20.595215 tensor(4) tensor(311)
25.412813 tensor(40) tensor(201)
21.220997 tensor(2) tensor(112)
21.568897 tensor(51) tensor(123)
21.746805 tensor(29) tensor(122)
21.22138 tensor(5) tensor(310)
22.470764 tensor(31) tensor(122)
21.914251 tensor(4) tensor(114)
20.500341 tensor(37) tensor(315)
24.93879 tensor(8) tensor(201)
21.173046 tensor(32) tensor(113)
21.756819 tensor(6) tensor(122)
20.131496 tensor(22) tensor(315)
21.254637 tensor(63) tensor(122)
21.967335 tensor(42) tensor(113)
24.877216 tensor(15) tensor(204)
21.828857 tensor(33) tensor(114)
20.722534 tensor(13) tensor(311)
20.594238 tensor(42) tensor(311)
21.611183 tensor(9) tensor(112)
22.235285 tensor(62) tensor(112)
20.36962 tensor(33) tensor(313)
21.82363 tensor(17) tensor(123)
21.206295 tensor(49) tensor(316)
21.22138 tensor(5) tensor(316)
20.946276 tensor(41) tensor(311)
20.669903 tensor(67) tensor(314)
24.893805 tensor(23) tensor(206)
20.946276 tensor(41) tensor(316)
24.816721 tensor(29) tensor(201)
22.341412 tensor(36) tensor(122)
25.150347 tensor(59) tensor(204)
25.376331 tensor(41) tensor(207)
21.089275 tensor(56) tensor(314)
20.813383 tensor(40) tensor(313)
20.734926 tensor(43) tensor(314)
24.82804 tensor(66) tensor(206)
21.75682 tensor(6) tensor(123)
21.220997 tensor(2) tensor(118)
21.728394 tensor(58) tensor(114)
20.158487 tensor(18) tensor(314)
21.974327 tensor(64) tensor(115)
20.619446 tensor(64) tensor(313)
21.220997 tensor(2) tensor(121)
21.206295 tensor(49) tensor(310)
20.55686 tensor(59) tensor(314)
20.310066 tensor(15) tensor(317)
21.843863 tensor(46) tensor(112)
25.8072 tensor(49) tensor(207)
22.061335 tensor(65) tensor(114)
22.171246 tensor(41) tensor(123)
24.57118 tensor(2) tensor(203)
20.413334 tensor(47) tensor(311)
21.843863 tensor(46) tensor(119)
22.141792 tensor(67) tensor(114)
21.756819 tensor(6) tensor(121)
21.957224 tensor(10) tensor(114)
21.943918 tensor(11) tensor(120)
21.960743 tensor(37) tensor(123)
20.261131 tensor(6) tensor(313)
25.570936 tensor(16) tensor(204)
21.568897 tensor(51) tensor(115)
25.327742 tensor(20) tensor(207)
24.11749 tensor(32) tensor(207)
24.35351 tensor(1) tensor(204)
21.254637 tensor(63) tensor(113)
20.835398 tensor(34) tensor(316)
22.25301 tensor(40) tensor(114)
25.31475 tensor(24) tensor(203)
22.532743 tensor(49) tensor(117)
25.274122 tensor(65) tensor(204)
21.957224 tensor(10) tensor(122)
24.495924 tensor(22) tensor(204)
20.923264 tensor(20) tensor(311)
20.722534 tensor(13) tensor(317)
25.370731 tensor(43) tensor(204)
25.155802 tensor(11) tensor(203)
21.229378 tensor(0) tensor(117)
22.037539 tensor(24) tensor(122)
20.942636 tensor(19) tensor(315)
22.0837 tensor(13) tensor(120)
25.455093 tensor(62) tensor(207)
25.273989 tensor(57) tensor(201)
21.680168 tensor(8) tensor(118)
21.220997 tensor(2) tensor(114)
20.840265 tensor(53) tensor(313)
20.500341 tensor(37) tensor(313)
21.82363 tensor(17) tensor(115)
19.963625 tensor(63) tensor(314)
20.017973 tensor(45) tensor(316)
20.505657 tensor(46) tensor(310)
22.612621 tensor(5) tensor(122)
25.190548 tensor(34) tensor(207)
24.694921 tensor(39) tensor(203)
20.280903 tensor(39) tensor(317)
22.612621 tensor(5) tensor(113)
21.88257 tensor(25) tensor(113)
24.929571 tensor(35) tensor(202)
21.679422 tensor(15) tensor(112)
21.957226 tensor(10) tensor(118)
21.756819 tensor(6) tensor(115)
20.967407 tensor(16) tensor(313)
21.675812 tensor(30) tensor(122)
22.470766 tensor(31) tensor(123)
21.793068 tensor(23) tensor(113)
22.25301 tensor(40) tensor(123)
25.068886 tensor(28) tensor(203)
21.229614 tensor(22) tensor(122)
22.139086 tensor(20) tensor(113)
20.306347 tensor(52) tensor(313)
21.447027 tensor(12) tensor(123)
22.341413 tensor(36) tensor(120)
21.311655 tensor(1) tensor(118)
20.381632 tensor(25) tensor(310)
20.55686 tensor(59) tensor(315)
24.912518 tensor(27) tensor(207)
25.273985 tensor(57) tensor(203)
21.94392 tensor(11) tensor(121)
21.749054 tensor(66) tensor(118)
22.444801 tensor(56) tensor(118)
19.848146 tensor(1) tensor(317)
24.649422 tensor(18) tensor(201)
25.872654 tensor(44) tensor(207)
25.010159 tensor(52) tensor(203)
22.25301 tensor(40) tensor(113)
22.115831 tensor(57) tensor(117)
24.82804 tensor(66) tensor(204)
20.24069 tensor(55) tensor(315)
24.117493 tensor(32) tensor(201)
20.280903 tensor(39) tensor(313)
22.183714 tensor(53) tensor(117)
24.657335 tensor(12) tensor(201)
21.870285 tensor(3) tensor(122)
25.401266 tensor(19) tensor(203)
20.287895 tensor(29) tensor(313)
21.254637 tensor(63) tensor(114)
25.570936 tensor(16) tensor(206)
25.010159 tensor(52) tensor(204)
25.381165 tensor(54) tensor(203)
25.027248 tensor(37) tensor(203)
25.356615 tensor(50) tensor(204)
25.362343 tensor(36) tensor(206)
25.315037 tensor(26) tensor(204)
25.252192 tensor(67) tensor(207)
20.799273 tensor(62) tensor(315)
21.88257 tensor(25) tensor(120)
22.037539 tensor(24) tensor(117)
21.54426 tensor(45) tensor(120)
20.19496 tensor(12) tensor(316)
22.130556 tensor(34) tensor(113)
15.102845 tensor(5) tensor(158)
20.381632 tensor(25) tensor(316)
25.068888 tensor(28) tensor(201)
15.320467 tensor(44) tensor(163)
20.689667 tensor(57) tensor(314)
22.046858 tensor(26) tensor(122)
20.61459 tensor(10) tensor(310)
25.426464 tensor(53) tensor(203)
20.619446 tensor(64) tensor(314)
21.433487 tensor(60) tensor(120)
24.571323 tensor(45) tensor(202)
21.957224 tensor(10) tensor(112)
21.779411 tensor(28) tensor(122)
22.139086 tensor(20) tensor(114)
20.689667 tensor(57) tensor(315)
20.486982 tensor(66) tensor(313)
22.341413 tensor(36) tensor(123)
22.276794 tensor(16) tensor(119)
20.19496 tensor(12) tensor(311)
20.59424 tensor(42) tensor(308)
21.779411 tensor(28) tensor(115)
19.848146 tensor(1) tensor(315)
25.068886 tensor(28) tensor(206)
24.571323 tensor(45) tensor(204)
25.384607 tensor(13) tensor(201)
22.532743 tensor(49) tensor(119)
21.611183 tensor(9) tensor(122)
25.06233 tensor(61) tensor(203)
20.619446 tensor(64) tensor(315)
25.629562 tensor(56) tensor(203)
20.946276 tensor(41) tensor(310)
21.249054 tensor(44) tensor(311)
21.311657 tensor(1) tensor(121)
25.31475 tensor(24) tensor(206)
15.069987 tensor(57) tensor(161)
21.75682 tensor(6) tensor(119)
21.967335 tensor(42) tensor(122)
20.364233 tensor(30) tensor(316)
21.611183 tensor(9) tensor(118)
21.964003 tensor(21) tensor(114)
21.173046 tensor(32) tensor(120)
24.495924 tensor(22) tensor(207)
15.102845 tensor(5) tensor(164)
20.131496 tensor(22) tensor(314)
15.194779 tensor(49) tensor(160)
21.974327 tensor(64) tensor(112)
21.905647 tensor(14) tensor(112)
24.607363 tensor(6) tensor(201)
20.68441 tensor(65) tensor(308)
22.314707 tensor(50) tensor(115)
22.08873 tensor(43) tensor(117)
20.310066 tensor(15) tensor(313)
21.793068 tensor(23) tensor(118)
21.229378 tensor(0) tensor(115)
20.353159 tensor(28) tensor(314)
20.813383 tensor(40) tensor(316)
22.08873 tensor(43) tensor(123)
21.960743 tensor(37) tensor(119)
20.840265 tensor(53) tensor(308)
22.235285 tensor(62) tensor(114)
22.341413 tensor(36) tensor(117)
21.089275 tensor(56) tensor(313)
24.91252 tensor(27) tensor(201)
21.749052 tensor(66) tensor(114)
22.273558 tensor(48) tensor(119)
22.470766 tensor(31) tensor(120)
21.846228 tensor(7) tensor(113)
24.703478 tensor(60) tensor(206)
24.929571 tensor(35) tensor(204)
22.276794 tensor(16) tensor(117)
21.568897 tensor(51) tensor(113)
24.60736 tensor(6) tensor(202)
21.960741 tensor(37) tensor(114)
22.193275 tensor(19) tensor(113)
21.680168 tensor(8) tensor(113)
21.746805 tensor(29) tensor(114)
25.15468 tensor(42) tensor(206)
22.444801 tensor(56) tensor(122)
21.644865 tensor(47) tensor(114)
22.115831 tensor(57) tensor(119)
21.589993 tensor(18) tensor(117)
25.071545 tensor(4) tensor(204)
20.684412 tensor(65) tensor(313)
25.184336 tensor(7) tensor(207)
20.131496 tensor(22) tensor(310)
20.19496 tensor(12) tensor(317)
24.547024 tensor(63) tensor(202)
19.626259 tensor(32) tensor(314)
15.194779 tensor(49) tensor(164)
21.82363 tensor(17) tensor(121)
20.468424 tensor(3) tensor(315)
21.447027 tensor(12) tensor(115)
21.173046 tensor(32) tensor(119)
24.69492 tensor(39) tensor(201)
24.11749 tensor(32) tensor(202)
20.326174 tensor(23) tensor(313)
20.131496 tensor(22) tensor(317)
21.943918 tensor(11) tensor(118)
19.848883 tensor(0) tensor(317)
25.190546 tensor(34) tensor(201)
21.59959 tensor(39) tensor(121)
22.314703 tensor(50) tensor(120)
20.158487 tensor(18) tensor(313)
25.357653 tensor(48) tensor(206)
25.128044 tensor(58) tensor(203)
21.433489 tensor(60) tensor(122)
21.512568 tensor(55) tensor(115)
21.54426 tensor(45) tensor(118)
19.848883 tensor(0) tensor(314)
20.588593 tensor(14) tensor(313)
20.835398 tensor(34) tensor(317)
19.626259 tensor(32) tensor(316)
21.644474 tensor(38) tensor(112)
20.381632 tensor(25) tensor(314)
22.235283 tensor(62) tensor(120)
20.158487 tensor(18) tensor(310)
21.974327 tensor(64) tensor(123)
20.24069 tensor(55) tensor(311)
20.30795 tensor(38) tensor(314)
21.957226 tensor(10) tensor(119)
24.11749 tensor(32) tensor(204)
21.018122 tensor(36) tensor(310)
21.644474 tensor(38) tensor(117)
21.01812 tensor(36) tensor(308)
21.675812 tensor(30) tensor(123)
21.679422 tensor(15) tensor(118)
24.792355 tensor(47) tensor(202)
22.314707 tensor(50) tensor(122)
15.102845 tensor(5) tensor(160)
22.0837 tensor(13) tensor(121)
22.11583 tensor(57) tensor(112)
19.963625 tensor(63) tensor(310)
22.193275 tensor(19) tensor(114)
21.680168 tensor(8) tensor(114)
20.468424 tensor(3) tensor(313)
21.59959 tensor(39) tensor(114)
21.75463 tensor(27) tensor(114)
20.70962 tensor(26) tensor(315)
21.675812 tensor(30) tensor(119)
21.229378 tensor(0) tensor(119)
22.235283 tensor(62) tensor(119)
20.413334 tensor(47) tensor(314)
24.82804 tensor(66) tensor(207)