15.075648 tensor(540) tensor(57) 8.7
14.539276 tensor(1148) tensor(81) 8.7
14.255806 tensor(547) tensor(81) 8.3
14.034603 tensor(414) tensor(173)
14.119696 tensor(1158) tensor(173)
14.138478 tensor(460) tensor(188)
14.299966 tensor(1036) tensor(188)
14.3437 tensor(145) tensor(188)
14.07916 tensor(1076) tensor(188)
14.244899 tensor(1001) tensor(57)
14.004568 tensor(498) tensor(76)
14.08161 tensor(639) tensor(76)
14.171451 tensor(317) tensor(33)
14.293983 tensor(843) tensor(222)
14.137964 tensor(1015) tensor(126)
14.041695 tensor(445) tensor(21)
14.019344 tensor(141) tensor(14)
14.3108 tensor(560) tensor(163)
14.421982 tensor(354) tensor(163)
14.017722 tensor(1554) tensor(129)
14.007534 tensor(143) tensor(113)
14.178766 tensor(442) tensor(113)
14.914612 tensor(843) tensor(138)
14.031696 tensor(193) tensor(7)
14.222351 tensor(560) tensor(157)
14.078229 tensor(521) tensor(41)
14.565229 tensor(1480) tensor(147)
14.067816 tensor(147) tensor(12)
14.015805 tensor(521) tensor(38)
14.242427 tensor(1620) tensor(213)
14.319601 tensor(1022) tensor(124)
14.002826 tensor(743) tensor(2)